\BOOKMARK [1][-]{section.1}{Popis a rozbor probl\351mu}{}% 1
\BOOKMARK [2][-]{subsection.1.1}{\332daje o bonusov\375ch \372loh\341ch}{section.1}% 2
\BOOKMARK [1][-]{section.2}{Popis pou\236it\375ch algoritmu}{}% 3
\BOOKMARK [2][-]{subsection.2.1}{Ray Crossing Algorithm}{section.2}% 4
\BOOKMARK [3][-]{subsubsection.2.1.1}{Slovn\355 z\341pis algoritmu \(varianta s redukc\355\)}{subsection.2.1}% 5
\BOOKMARK [2][-]{subsection.2.2}{Winding Number Algorithm}{section.2}% 6
\BOOKMARK [3][-]{subsubsection.2.2.1}{Slovn\355 z\341pis algoritmu}{subsection.2.2}% 7
\BOOKMARK [2][-]{subsection.2.3}{Generov\341n\355 nekonvexn\355ho polygonu}{section.2}% 8
\BOOKMARK [3][-]{subsubsection.2.3.1}{Slovn\355 z\341pis algoritmu}{subsection.2.3}% 9
\BOOKMARK [1][-]{section.3}{Problematick\351 situace a jejich rozbor}{}% 10
\BOOKMARK [2][-]{subsection.3.1}{Ray Crossing Algorithm}{section.3}% 11
\BOOKMARK [2][-]{subsection.3.2}{Winding Number Algorithm}{section.3}% 12
\BOOKMARK [1][-]{section.4}{Vstupn\355 data}{}% 13
\BOOKMARK [1][-]{section.5}{V\375stupn\355 data}{}% 14
\BOOKMARK [1][-]{section.6}{Uk\341zka aplikace}{}% 15
\BOOKMARK [1][-]{section.7}{Technick\341 dokumentace}{}% 16
\BOOKMARK [2][-]{subsection.7.1}{Tr\355dy}{section.7}% 17
\BOOKMARK [3][-]{subsubsection.7.1.1}{Algorithms}{subsection.7.1}% 18
\BOOKMARK [3][-]{subsubsection.7.1.2}{Draw}{subsection.7.1}% 19
\BOOKMARK [3][-]{subsubsection.7.1.3}{Widget}{subsection.7.1}% 20
\BOOKMARK [3][-]{subsubsection.7.1.4}{sortByX}{subsection.7.1}% 21
\BOOKMARK [3][-]{subsubsection.7.1.5}{sortByY}{subsection.7.1}% 22
\BOOKMARK [3][-]{subsubsection.7.1.6}{sortByAngle}{subsection.7.1}% 23
\BOOKMARK [3][-]{subsubsection.7.1.7}{Angle}{subsection.7.1}% 24
\BOOKMARK [2][-]{subsection.7.2}{Popis bonusov\375ch \372loh}{section.7}% 25
\BOOKMARK [1][-]{section.8}{Z\341ver}{}% 26
\BOOKMARK [2][-]{subsection.8.1}{N\341mety na vylep\235en\355}{section.8}% 27
\BOOKMARK [1][-]{subsection.8.1}{Literatura}{}% 28
